CRITICAL - 2025-02-26 14:52:14 --> CodeIgniter\View\Exceptions\ViewException: Invalid file: "layouts/main.php"
[Method: GET, Route: /]
in SYSTEMPATH\Exceptions\FrameworkException.php on line 39.
 1 SYSTEMPATH\View\View.php(212): CodeIgniter\Exceptions\FrameworkException::forInvalidFile('layouts/main.php')
 2 SYSTEMPATH\View\View.php(240): CodeIgniter\View\View->render('layouts/main', [], true)
 3 SYSTEMPATH\Common.php(1173): CodeIgniter\View\View->render('home', [], true)
 4 APPPATH\Controllers\Home.php(9): view('home')
 5 SYSTEMPATH\CodeIgniter.php(933): App\Controllers\Home->index()
 6 SYSTEMPATH\CodeIgniter.php(507): CodeIgniter\CodeIgniter->runController(Object(App\Controllers\Home))
 7 SYSTEMPATH\CodeIgniter.php(354): CodeIgniter\CodeIgniter->handleRequest(null, Object(Config\Cache), false)
 8 SYSTEMPATH\Boot.php(334): CodeIgniter\CodeIgniter->run()
 9 SYSTEMPATH\Boot.php(67): CodeIgniter\Boot::runCodeIgniter(Object(CodeIgniter\CodeIgniter))
10 FCPATH\index.php(56): CodeIgniter\Boot::bootWeb(Object(Config\Paths))
CRITICAL - 2025-02-26 14:52:45 --> CodeIgniter\View\Exceptions\ViewException: Invalid file: "layouts/main.php"
[Method: GET, Route: /]
in SYSTEMPATH\Exceptions\FrameworkException.php on line 39.
 1 SYSTEMPATH\View\View.php(212): CodeIgniter\Exceptions\FrameworkException::forInvalidFile('layouts/main.php')
 2 SYSTEMPATH\View\View.php(240): CodeIgniter\View\View->render('layouts/main', [], true)
 3 SYSTEMPATH\Common.php(1173): CodeIgniter\View\View->render('home', [], true)
 4 APPPATH\Controllers\Home.php(9): view('home')
 5 SYSTEMPATH\CodeIgniter.php(933): App\Controllers\Home->index()
 6 SYSTEMPATH\CodeIgniter.php(507): CodeIgniter\CodeIgniter->runController(Object(App\Controllers\Home))
 7 SYSTEMPATH\CodeIgniter.php(354): CodeIgniter\CodeIgniter->handleRequest(null, Object(Config\Cache), false)
 8 SYSTEMPATH\Boot.php(334): CodeIgniter\CodeIgniter->run()
 9 SYSTEMPATH\Boot.php(67): CodeIgniter\Boot::runCodeIgniter(Object(CodeIgniter\CodeIgniter))
10 FCPATH\index.php(56): CodeIgniter\Boot::bootWeb(Object(Config\Paths))
CRITICAL - 2025-02-26 15:11:55 --> ParseError: syntax error, unexpected token "<"
[Method: GET, Route: product]
in APPPATH\Views\layouts\main.php on line 159.
 1 SYSTEMPATH\View\View.php(227): CodeIgniter\View\View->CodeIgniter\View\{closure}()
 2 SYSTEMPATH\View\View.php(240): CodeIgniter\View\View->render('layouts/main', [], true)
 3 SYSTEMPATH\Common.php(1173): CodeIgniter\View\View->render('product', [], true)
 4 APPPATH\Controllers\ProductsController.php(17): view('product')
 5 SYSTEMPATH\CodeIgniter.php(933): App\Controllers\ProductsController->show()
 6 SYSTEMPATH\CodeIgniter.php(507): CodeIgniter\CodeIgniter->runController(Object(App\Controllers\ProductsController))
 7 SYSTEMPATH\CodeIgniter.php(354): CodeIgniter\CodeIgniter->handleRequest(null, Object(Config\Cache), false)
 8 SYSTEMPATH\Boot.php(334): CodeIgniter\CodeIgniter->run()
 9 SYSTEMPATH\Boot.php(67): CodeIgniter\Boot::runCodeIgniter(Object(CodeIgniter\CodeIgniter))
10 FCPATH\index.php(56): CodeIgniter\Boot::bootWeb(Object(Config\Paths))
CRITICAL - 2025-02-26 15:13:13 --> ErrorException: Undefined variable $uri
[Method: GET, Route: product]
in APPPATH\Views\layouts\main.php on line 158.
 1 APPPATH\Views\layouts\main.php(158): CodeIgniter\Debug\Exceptions->errorHandler(2, 'Undefined variable $uri', 'E:\\wamp64\\www\\dress-rental\\app\\Views\\layouts\\main.php', 158)
 2 SYSTEMPATH\View\View.php(224): include('E:\\wamp64\\www\\dress-rental\\app\\Views\\layouts\\main.php')
 3 SYSTEMPATH\View\View.php(227): CodeIgniter\View\View->CodeIgniter\View\{closure}()
 4 SYSTEMPATH\View\View.php(240): CodeIgniter\View\View->render('layouts/main', [], true)
 5 SYSTEMPATH\Common.php(1173): CodeIgniter\View\View->render('product', [], true)
 6 APPPATH\Controllers\ProductsController.php(17): view('product')
 7 SYSTEMPATH\CodeIgniter.php(933): App\Controllers\ProductsController->show()
 8 SYSTEMPATH\CodeIgniter.php(507): CodeIgniter\CodeIgniter->runController(Object(App\Controllers\ProductsController))
 9 SYSTEMPATH\CodeIgniter.php(354): CodeIgniter\CodeIgniter->handleRequest(null, Object(Config\Cache), false)
10 SYSTEMPATH\Boot.php(334): CodeIgniter\CodeIgniter->run()
11 SYSTEMPATH\Boot.php(67): CodeIgniter\Boot::runCodeIgniter(Object(CodeIgniter\CodeIgniter))
12 FCPATH\index.php(56): CodeIgniter\Boot::bootWeb(Object(Config\Paths))
ERROR - 2025-02-26 17:40:48 --> mysqli_sql_exception: Invalid default value for 'created_at' in E:\wamp64\www\dress-rental\system\Database\MySQLi\Connection.php:327
Stack trace:
#0 E:\wamp64\www\dress-rental\system\Database\MySQLi\Connection.php(327): mysqli->query('CREATE TABLE `m...', 0)
#1 E:\wamp64\www\dress-rental\system\Database\BaseConnection.php(738): CodeIgniter\Database\MySQLi\Connection->execute('CREATE TABLE `m...')
#2 E:\wamp64\www\dress-rental\system\Database\BaseConnection.php(652): CodeIgniter\Database\BaseConnection->simpleQuery('CREATE TABLE `m...')
#3 E:\wamp64\www\dress-rental\system\Database\Forge.php(570): CodeIgniter\Database\BaseConnection->query('CREATE TABLE `m...')
#4 E:\wamp64\www\dress-rental\app\Database\Migrations\2025-02-26-100725_MasterBrands.php(23): CodeIgniter\Database\Forge->createTable('master_brands')
#5 E:\wamp64\www\dress-rental\system\Database\MigrationRunner.php(866): App\Database\Migrations\MasterBrands->up()
#6 E:\wamp64\www\dress-rental\system\Database\MigrationRunner.php(182): CodeIgniter\Database\MigrationRunner->migrate('up', Object(stdClass))
#7 E:\wamp64\www\dress-rental\system\Commands\Database\Migrate.php(85): CodeIgniter\Database\MigrationRunner->latest(NULL)
#8 E:\wamp64\www\dress-rental\system\CLI\Commands.php(70): CodeIgniter\Commands\Database\Migrate->run(Array)
#9 E:\wamp64\www\dress-rental\system\CLI\Console.php(48): CodeIgniter\CLI\Commands->run('migrate', Array)
#10 E:\wamp64\www\dress-rental\system\Boot.php(360): CodeIgniter\CLI\Console->run()
#11 E:\wamp64\www\dress-rental\system\Boot.php(104): CodeIgniter\Boot::runCommand(Object(CodeIgniter\CLI\Console))
#12 E:\wamp64\www\dress-rental\spark(84): CodeIgniter\Boot::bootSpark(Object(Config\Paths))
#13 {main}
ERROR - 2025-02-26 17:46:07 --> mysqli_sql_exception: Invalid default value for 'created_at' in E:\wamp64\www\dress-rental\system\Database\MySQLi\Connection.php:327
Stack trace:
#0 E:\wamp64\www\dress-rental\system\Database\MySQLi\Connection.php(327): mysqli->query('CREATE TABLE `m...', 0)
#1 E:\wamp64\www\dress-rental\system\Database\BaseConnection.php(738): CodeIgniter\Database\MySQLi\Connection->execute('CREATE TABLE `m...')
#2 E:\wamp64\www\dress-rental\system\Database\BaseConnection.php(652): CodeIgniter\Database\BaseConnection->simpleQuery('CREATE TABLE `m...')
#3 E:\wamp64\www\dress-rental\system\Database\Forge.php(570): CodeIgniter\Database\BaseConnection->query('CREATE TABLE `m...')
#4 E:\wamp64\www\dress-rental\app\Database\Migrations\2025-02-26-100725_MasterBrands.php(23): CodeIgniter\Database\Forge->createTable('master_brands')
#5 E:\wamp64\www\dress-rental\system\Database\MigrationRunner.php(866): App\Database\Migrations\MasterBrands->up()
#6 E:\wamp64\www\dress-rental\system\Database\MigrationRunner.php(182): CodeIgniter\Database\MigrationRunner->migrate('up', Object(stdClass))
#7 E:\wamp64\www\dress-rental\system\Commands\Database\Migrate.php(85): CodeIgniter\Database\MigrationRunner->latest(NULL)
#8 E:\wamp64\www\dress-rental\system\CLI\Commands.php(70): CodeIgniter\Commands\Database\Migrate->run(Array)
#9 E:\wamp64\www\dress-rental\system\CLI\Console.php(48): CodeIgniter\CLI\Commands->run('migrate', Array)
#10 E:\wamp64\www\dress-rental\system\Boot.php(360): CodeIgniter\CLI\Console->run()
#11 E:\wamp64\www\dress-rental\system\Boot.php(104): CodeIgniter\Boot::runCommand(Object(CodeIgniter\CLI\Console))
#12 E:\wamp64\www\dress-rental\spark(84): CodeIgniter\Boot::bootSpark(Object(Config\Paths))
#13 {main}
ERROR - 2025-02-26 17:47:09 --> mysqli_sql_exception: Invalid default value for 'created_at' in E:\wamp64\www\dress-rental\system\Database\MySQLi\Connection.php:327
Stack trace:
#0 E:\wamp64\www\dress-rental\system\Database\MySQLi\Connection.php(327): mysqli->query('CREATE TABLE `m...', 0)
#1 E:\wamp64\www\dress-rental\system\Database\BaseConnection.php(738): CodeIgniter\Database\MySQLi\Connection->execute('CREATE TABLE `m...')
#2 E:\wamp64\www\dress-rental\system\Database\BaseConnection.php(652): CodeIgniter\Database\BaseConnection->simpleQuery('CREATE TABLE `m...')
#3 E:\wamp64\www\dress-rental\system\Database\Forge.php(570): CodeIgniter\Database\BaseConnection->query('CREATE TABLE `m...')
#4 E:\wamp64\www\dress-rental\app\Database\Migrations\2025-02-26-100725_MasterBrands.php(23): CodeIgniter\Database\Forge->createTable('master_brands')
#5 E:\wamp64\www\dress-rental\system\Database\MigrationRunner.php(866): App\Database\Migrations\MasterBrands->up()
#6 E:\wamp64\www\dress-rental\system\Database\MigrationRunner.php(182): CodeIgniter\Database\MigrationRunner->migrate('up', Object(stdClass))
#7 E:\wamp64\www\dress-rental\system\Commands\Database\Migrate.php(85): CodeIgniter\Database\MigrationRunner->latest(NULL)
#8 E:\wamp64\www\dress-rental\system\CLI\Commands.php(70): CodeIgniter\Commands\Database\Migrate->run(Array)
#9 E:\wamp64\www\dress-rental\system\CLI\Console.php(48): CodeIgniter\CLI\Commands->run('migrate', Array)
#10 E:\wamp64\www\dress-rental\system\Boot.php(360): CodeIgniter\CLI\Console->run()
#11 E:\wamp64\www\dress-rental\system\Boot.php(104): CodeIgniter\Boot::runCommand(Object(CodeIgniter\CLI\Console))
#12 E:\wamp64\www\dress-rental\spark(84): CodeIgniter\Boot::bootSpark(Object(Config\Paths))
#13 {main}
ERROR - 2025-02-26 21:19:28 --> mysqli_sql_exception: Unknown column 'product_rent_days' in 'field list' in E:\wamp64\www\dress-rental\system\Database\MySQLi\Connection.php:327
Stack trace:
#0 E:\wamp64\www\dress-rental\system\Database\MySQLi\Connection.php(327): mysqli->query('INSERT INTO `ma...', 0)
#1 E:\wamp64\www\dress-rental\system\Database\BaseConnection.php(738): CodeIgniter\Database\MySQLi\Connection->execute('INSERT INTO `ma...')
#2 E:\wamp64\www\dress-rental\system\Database\BaseConnection.php(652): CodeIgniter\Database\BaseConnection->simpleQuery('INSERT INTO `ma...')
#3 E:\wamp64\www\dress-rental\system\Database\BaseBuilder.php(1841): CodeIgniter\Database\BaseConnection->query('INSERT INTO `ma...', NULL, false)
#4 E:\wamp64\www\dress-rental\system\Database\BaseBuilder.php(2230): CodeIgniter\Database\BaseBuilder->batchExecute('_insertBatch', 100)
#5 E:\wamp64\www\dress-rental\app\Database\Seeds\MasterProductsSeeder.php(74): CodeIgniter\Database\BaseBuilder->insertBatch(Array)
#6 E:\wamp64\www\dress-rental\system\Database\Seeder.php(147): App\Database\Seeds\MasterProductsSeeder->run()
#7 E:\wamp64\www\dress-rental\system\Commands\Database\Seed.php(79): CodeIgniter\Database\Seeder->call('App\\Database\\Se...')
#8 E:\wamp64\www\dress-rental\system\CLI\Commands.php(70): CodeIgniter\Commands\Database\Seed->run(Array)
#9 E:\wamp64\www\dress-rental\system\CLI\Console.php(48): CodeIgniter\CLI\Commands->run('db:seed', Array)
#10 E:\wamp64\www\dress-rental\system\Boot.php(360): CodeIgniter\CLI\Console->run()
#11 E:\wamp64\www\dress-rental\system\Boot.php(104): CodeIgniter\Boot::runCommand(Object(CodeIgniter\CLI\Console))
#12 E:\wamp64\www\dress-rental\spark(84): CodeIgniter\Boot::bootSpark(Object(Config\Paths))
#13 {main}
