CRITICAL - 2025-02-27 10:08:26 --> Error: Call to undefined method App\Controllers\CatalogController::respond()
[Method: GET, Route: catalog]
in APPPATH\Controllers\CatalogController.php on line 40.
 1 SYSTEMPATH\CodeIgniter.php(933): App\Controllers\CatalogController->index()
 2 SYSTEMPATH\CodeIgniter.php(507): CodeIgniter\CodeIgniter->runController(Object(App\Controllers\CatalogController))
 3 SYSTEMPATH\CodeIgniter.php(354): CodeIgniter\CodeIgniter->handleRequest(null, Object(Config\Cache), false)
 4 SYSTEMPATH\Boot.php(334): CodeIgniter\CodeIgniter->run()
 5 SYSTEMPATH\Boot.php(67): CodeIgniter\Boot::runCodeIgniter(Object(CodeIgniter\CodeIgniter))
 6 FCPATH\index.php(56): CodeIgniter\Boot::bootWeb(Object(Config\Paths))
CRITICAL - 2025-02-27 10:24:19 --> ErrorException: Undefined array key "size_name"
[Method: GET, Route: catalog]
in APPPATH\Views\catalog.php on line 33.
 1 APPPATH\Views\catalog.php(33): CodeIgniter\Debug\Exceptions->errorHandler(2, 'Undefined array key "size_name"', 'E:\\wamp64\\www\\dress-rental\\app\\Views\\catalog.php', 33)
 2 SYSTEMPATH\View\View.php(224): include('E:\\wamp64\\www\\dress-rental\\app\\Views\\catalog.php')
 3 SYSTEMPATH\View\View.php(227): CodeIgniter\View\View->CodeIgniter\View\{closure}()
 4 SYSTEMPATH\Common.php(1173): CodeIgniter\View\View->render('catalog', [], true)
 5 APPPATH\Controllers\CatalogController.php(42): view('catalog', [...])
 6 SYSTEMPATH\CodeIgniter.php(933): App\Controllers\CatalogController->index()
 7 SYSTEMPATH\CodeIgniter.php(507): CodeIgniter\CodeIgniter->runController(Object(App\Controllers\CatalogController))
 8 SYSTEMPATH\CodeIgniter.php(354): CodeIgniter\CodeIgniter->handleRequest(null, Object(Config\Cache), false)
 9 SYSTEMPATH\Boot.php(334): CodeIgniter\CodeIgniter->run()
10 SYSTEMPATH\Boot.php(67): CodeIgniter\Boot::runCodeIgniter(Object(CodeIgniter\CodeIgniter))
11 FCPATH\index.php(56): CodeIgniter\Boot::bootWeb(Object(Config\Paths))
CRITICAL - 2025-02-27 10:25:28 --> ErrorException: Undefined array key "size_name"
[Method: GET, Route: catalog]
in APPPATH\Views\catalog.php on line 33.
 1 APPPATH\Views\catalog.php(33): CodeIgniter\Debug\Exceptions->errorHandler(2, 'Undefined array key "size_name"', 'E:\\wamp64\\www\\dress-rental\\app\\Views\\catalog.php', 33)
 2 SYSTEMPATH\View\View.php(224): include('E:\\wamp64\\www\\dress-rental\\app\\Views\\catalog.php')
 3 SYSTEMPATH\View\View.php(227): CodeIgniter\View\View->CodeIgniter\View\{closure}()
 4 SYSTEMPATH\Common.php(1173): CodeIgniter\View\View->render('catalog', [], true)
 5 APPPATH\Controllers\CatalogController.php(43): view('catalog', [...])
 6 SYSTEMPATH\CodeIgniter.php(933): App\Controllers\CatalogController->index()
 7 SYSTEMPATH\CodeIgniter.php(507): CodeIgniter\CodeIgniter->runController(Object(App\Controllers\CatalogController))
 8 SYSTEMPATH\CodeIgniter.php(354): CodeIgniter\CodeIgniter->handleRequest(null, Object(Config\Cache), false)
 9 SYSTEMPATH\Boot.php(334): CodeIgniter\CodeIgniter->run()
10 SYSTEMPATH\Boot.php(67): CodeIgniter\Boot::runCodeIgniter(Object(CodeIgniter\CodeIgniter))
11 FCPATH\index.php(56): CodeIgniter\Boot::bootWeb(Object(Config\Paths))
CRITICAL - 2025-02-27 10:50:11 --> ErrorException: Undefined array key "image_url"
[Method: GET, Route: catalog]
in APPPATH\Views\catalog.php on line 14.
 1 APPPATH\Views\catalog.php(14): CodeIgniter\Debug\Exceptions->errorHandler(2, 'Undefined array key "image_url"', 'E:\\wamp64\\www\\dress-rental\\app\\Views\\catalog.php', 14)
 2 SYSTEMPATH\View\View.php(224): include('E:\\wamp64\\www\\dress-rental\\app\\Views\\catalog.php')
 3 SYSTEMPATH\View\View.php(227): CodeIgniter\View\View->CodeIgniter\View\{closure}()
 4 SYSTEMPATH\Common.php(1173): CodeIgniter\View\View->render('catalog', [], true)
 5 APPPATH\Controllers\CatalogController.php(45): view('catalog', [...])
 6 SYSTEMPATH\CodeIgniter.php(933): App\Controllers\CatalogController->index()
 7 SYSTEMPATH\CodeIgniter.php(507): CodeIgniter\CodeIgniter->runController(Object(App\Controllers\CatalogController))
 8 SYSTEMPATH\CodeIgniter.php(354): CodeIgniter\CodeIgniter->handleRequest(null, Object(Config\Cache), false)
 9 SYSTEMPATH\Boot.php(334): CodeIgniter\CodeIgniter->run()
10 SYSTEMPATH\Boot.php(67): CodeIgniter\Boot::runCodeIgniter(Object(CodeIgniter\CodeIgniter))
11 FCPATH\index.php(56): CodeIgniter\Boot::bootWeb(Object(Config\Paths))
CRITICAL - 2025-02-27 11:48:46 --> CodeIgniter\View\Exceptions\ViewException: Invalid file: "products/show.php"
[Method: GET, Route: product/OD001]
in SYSTEMPATH\Exceptions\FrameworkException.php on line 39.
 1 SYSTEMPATH\View\View.php(212): CodeIgniter\Exceptions\FrameworkException::forInvalidFile('products/show.php')
 2 SYSTEMPATH\Common.php(1173): CodeIgniter\View\View->render('products/show', [], true)
 3 APPPATH\Controllers\ProductsController.php(42): view('products/show', [...])
 4 SYSTEMPATH\CodeIgniter.php(933): App\Controllers\ProductsController->show('OD001')
 5 SYSTEMPATH\CodeIgniter.php(507): CodeIgniter\CodeIgniter->runController(Object(App\Controllers\ProductsController))
 6 SYSTEMPATH\CodeIgniter.php(354): CodeIgniter\CodeIgniter->handleRequest(null, Object(Config\Cache), false)
 7 SYSTEMPATH\Boot.php(334): CodeIgniter\CodeIgniter->run()
 8 SYSTEMPATH\Boot.php(67): CodeIgniter\Boot::runCodeIgniter(Object(CodeIgniter\CodeIgniter))
 9 FCPATH\index.php(56): CodeIgniter\Boot::bootWeb(Object(Config\Paths))
CRITICAL - 2025-02-27 11:50:02 --> CodeIgniter\View\Exceptions\ViewException: Invalid file: "products/show.php"
[Method: GET, Route: product/OD001]
in SYSTEMPATH\Exceptions\FrameworkException.php on line 39.
 1 SYSTEMPATH\View\View.php(212): CodeIgniter\Exceptions\FrameworkException::forInvalidFile('products/show.php')
 2 SYSTEMPATH\Common.php(1173): CodeIgniter\View\View->render('products/show', [], true)
 3 APPPATH\Controllers\ProductsController.php(42): view('products/show', [...])
 4 SYSTEMPATH\CodeIgniter.php(933): App\Controllers\ProductsController->show('OD001')
 5 SYSTEMPATH\CodeIgniter.php(507): CodeIgniter\CodeIgniter->runController(Object(App\Controllers\ProductsController))
 6 SYSTEMPATH\CodeIgniter.php(354): CodeIgniter\CodeIgniter->handleRequest(null, Object(Config\Cache), false)
 7 SYSTEMPATH\Boot.php(334): CodeIgniter\CodeIgniter->run()
 8 SYSTEMPATH\Boot.php(67): CodeIgniter\Boot::runCodeIgniter(Object(CodeIgniter\CodeIgniter))
 9 FCPATH\index.php(56): CodeIgniter\Boot::bootWeb(Object(Config\Paths))
CRITICAL - 2025-02-27 11:55:52 --> ParseError: syntax error, unexpected token ";"
[Method: GET, Route: product/OD001]
in APPPATH\Views\products\detail.php on line 27.
 1 SYSTEMPATH\View\View.php(227): CodeIgniter\View\View->CodeIgniter\View\{closure}()
 2 SYSTEMPATH\Common.php(1173): CodeIgniter\View\View->render('products/detail', [], true)
 3 APPPATH\Controllers\ProductsController.php(42): view('products/detail', [...])
 4 SYSTEMPATH\CodeIgniter.php(933): App\Controllers\ProductsController->show('OD001')
 5 SYSTEMPATH\CodeIgniter.php(507): CodeIgniter\CodeIgniter->runController(Object(App\Controllers\ProductsController))
 6 SYSTEMPATH\CodeIgniter.php(354): CodeIgniter\CodeIgniter->handleRequest(null, Object(Config\Cache), false)
 7 SYSTEMPATH\Boot.php(334): CodeIgniter\CodeIgniter->run()
 8 SYSTEMPATH\Boot.php(67): CodeIgniter\Boot::runCodeIgniter(Object(CodeIgniter\CodeIgniter))
 9 FCPATH\index.php(56): CodeIgniter\Boot::bootWeb(Object(Config\Paths))
CRITICAL - 2025-02-27 11:56:09 --> ErrorException: Undefined array key "brand_name"
[Method: GET, Route: product/OD001]
in APPPATH\Views\products\detail.php on line 27.
 1 APPPATH\Views\products\detail.php(27): CodeIgniter\Debug\Exceptions->errorHandler(2, 'Undefined array key "brand_name"', 'E:\\wamp64\\www\\dress-rental\\app\\Views\\products\\detail.php', 27)
 2 SYSTEMPATH\View\View.php(224): include('E:\\wamp64\\www\\dress-rental\\app\\Views\\products\\detail.php')
 3 SYSTEMPATH\View\View.php(227): CodeIgniter\View\View->CodeIgniter\View\{closure}()
 4 SYSTEMPATH\Common.php(1173): CodeIgniter\View\View->render('products/detail', [], true)
 5 APPPATH\Controllers\ProductsController.php(42): view('products/detail', [...])
 6 SYSTEMPATH\CodeIgniter.php(933): App\Controllers\ProductsController->show('OD001')
 7 SYSTEMPATH\CodeIgniter.php(507): CodeIgniter\CodeIgniter->runController(Object(App\Controllers\ProductsController))
 8 SYSTEMPATH\CodeIgniter.php(354): CodeIgniter\CodeIgniter->handleRequest(null, Object(Config\Cache), false)
 9 SYSTEMPATH\Boot.php(334): CodeIgniter\CodeIgniter->run()
10 SYSTEMPATH\Boot.php(67): CodeIgniter\Boot::runCodeIgniter(Object(CodeIgniter\CodeIgniter))
11 FCPATH\index.php(56): CodeIgniter\Boot::bootWeb(Object(Config\Paths))
CRITICAL - 2025-02-27 11:56:15 --> ErrorException: Undefined array key "brand_name"
[Method: GET, Route: product/OD001]
in APPPATH\Views\products\detail.php on line 27.
 1 APPPATH\Views\products\detail.php(27): CodeIgniter\Debug\Exceptions->errorHandler(2, 'Undefined array key "brand_name"', 'E:\\wamp64\\www\\dress-rental\\app\\Views\\products\\detail.php', 27)
 2 SYSTEMPATH\View\View.php(224): include('E:\\wamp64\\www\\dress-rental\\app\\Views\\products\\detail.php')
 3 SYSTEMPATH\View\View.php(227): CodeIgniter\View\View->CodeIgniter\View\{closure}()
 4 SYSTEMPATH\Common.php(1173): CodeIgniter\View\View->render('products/detail', [], true)
 5 APPPATH\Controllers\ProductsController.php(42): view('products/detail', [...])
 6 SYSTEMPATH\CodeIgniter.php(933): App\Controllers\ProductsController->show('OD001')
 7 SYSTEMPATH\CodeIgniter.php(507): CodeIgniter\CodeIgniter->runController(Object(App\Controllers\ProductsController))
 8 SYSTEMPATH\CodeIgniter.php(354): CodeIgniter\CodeIgniter->handleRequest(null, Object(Config\Cache), false)
 9 SYSTEMPATH\Boot.php(334): CodeIgniter\CodeIgniter->run()
10 SYSTEMPATH\Boot.php(67): CodeIgniter\Boot::runCodeIgniter(Object(CodeIgniter\CodeIgniter))
11 FCPATH\index.php(56): CodeIgniter\Boot::bootWeb(Object(Config\Paths))
CRITICAL - 2025-02-27 14:11:57 --> ErrorException: Undefined variable $images
[Method: GET, Route: product/OD001]
in APPPATH\Views\products\detail.php on line 4.
 1 APPPATH\Views\products\detail.php(4): CodeIgniter\Debug\Exceptions->errorHandler(2, 'Undefined variable $images', 'E:\\wamp64\\www\\dress-rental\\app\\Views\\products\\detail.php', 4)
 2 SYSTEMPATH\View\View.php(224): include('E:\\wamp64\\www\\dress-rental\\app\\Views\\products\\detail.php')
 3 SYSTEMPATH\View\View.php(227): CodeIgniter\View\View->CodeIgniter\View\{closure}()
 4 SYSTEMPATH\Common.php(1173): CodeIgniter\View\View->render('products/detail', [], true)
 5 APPPATH\Controllers\ProductsController.php(46): view('products/detail', [...])
 6 SYSTEMPATH\CodeIgniter.php(933): App\Controllers\ProductsController->show('OD001')
 7 SYSTEMPATH\CodeIgniter.php(507): CodeIgniter\CodeIgniter->runController(Object(App\Controllers\ProductsController))
 8 SYSTEMPATH\CodeIgniter.php(354): CodeIgniter\CodeIgniter->handleRequest(null, Object(Config\Cache), false)
 9 SYSTEMPATH\Boot.php(334): CodeIgniter\CodeIgniter->run()
10 SYSTEMPATH\Boot.php(67): CodeIgniter\Boot::runCodeIgniter(Object(CodeIgniter\CodeIgniter))
11 FCPATH\index.php(56): CodeIgniter\Boot::bootWeb(Object(Config\Paths))
CRITICAL - 2025-02-27 14:12:22 --> ErrorException: Undefined variable $products
[Method: GET, Route: product/OD001]
in APPPATH\Views\products\detail.php on line 4.
 1 APPPATH\Views\products\detail.php(4): CodeIgniter\Debug\Exceptions->errorHandler(2, 'Undefined variable $products', 'E:\\wamp64\\www\\dress-rental\\app\\Views\\products\\detail.php', 4)
 2 SYSTEMPATH\View\View.php(224): include('E:\\wamp64\\www\\dress-rental\\app\\Views\\products\\detail.php')
 3 SYSTEMPATH\View\View.php(227): CodeIgniter\View\View->CodeIgniter\View\{closure}()
 4 SYSTEMPATH\Common.php(1173): CodeIgniter\View\View->render('products/detail', [], true)
 5 APPPATH\Controllers\ProductsController.php(46): view('products/detail', [...])
 6 SYSTEMPATH\CodeIgniter.php(933): App\Controllers\ProductsController->show('OD001')
 7 SYSTEMPATH\CodeIgniter.php(507): CodeIgniter\CodeIgniter->runController(Object(App\Controllers\ProductsController))
 8 SYSTEMPATH\CodeIgniter.php(354): CodeIgniter\CodeIgniter->handleRequest(null, Object(Config\Cache), false)
 9 SYSTEMPATH\Boot.php(334): CodeIgniter\CodeIgniter->run()
10 SYSTEMPATH\Boot.php(67): CodeIgniter\Boot::runCodeIgniter(Object(CodeIgniter\CodeIgniter))
11 FCPATH\index.php(56): CodeIgniter\Boot::bootWeb(Object(Config\Paths))
